c:\users\admin\documents\github\blackjack\blackjack\blackjack\x64\debug\vc140.pdb
c:\users\admin\documents\github\blackjack\blackjack\blackjack\x64\debug\vc140.idb
c:\users\admin\documents\github\blackjack\blackjack\blackjack\x64\debug\cardfigure.obj
c:\users\admin\documents\github\blackjack\blackjack\blackjack\x64\debug\cardcolor.obj
c:\users\admin\documents\github\blackjack\blackjack\blackjack\x64\debug\main.obj
c:\users\admin\documents\github\blackjack\blackjack\blackjack\x64\debug\playingcard.obj
c:\users\admin\documents\github\blackjack\blackjack\blackjack\x64\debug\windowofmenu.obj
c:\users\admin\documents\github\blackjack\blackjack\blackjack\x64\debug\linkedlist.obj
c:\users\admin\documents\github\blackjack\blackjack\blackjack\x64\debug\windowofplay.obj
c:\users\admin\documents\github\blackjack\blackjack\blackjack\x64\debug\deck.obj
c:\users\admin\documents\github\blackjack\blackjack\x64\debug\blackjack.ilk
c:\users\admin\documents\github\blackjack\blackjack\x64\debug\blackjack.exe
c:\users\admin\documents\github\blackjack\blackjack\x64\debug\blackjack.pdb
c:\users\admin\documents\github\blackjack\blackjack\blackjack\x64\debug\deck.obj.enc
c:\users\admin\documents\github\blackjack\blackjack\blackjack\x64\debug\windowofplay.obj.enc
c:\users\admin\documents\github\blackjack\blackjack\blackjack\x64\debug\blackjack.tlog\cl.command.1.tlog
c:\users\admin\documents\github\blackjack\blackjack\blackjack\x64\debug\blackjack.tlog\cl.read.1.tlog
c:\users\admin\documents\github\blackjack\blackjack\blackjack\x64\debug\blackjack.tlog\cl.write.1.tlog
c:\users\admin\documents\github\blackjack\blackjack\blackjack\x64\debug\blackjack.tlog\link.command.1.tlog
c:\users\admin\documents\github\blackjack\blackjack\blackjack\x64\debug\blackjack.tlog\link.read.1.tlog
c:\users\admin\documents\github\blackjack\blackjack\blackjack\x64\debug\blackjack.tlog\link.write.1.tlog
